C51 COMPILER V9.57.0.0   BUZZ                                                              10/20/2023 15:03:23 PAGE 1   


C51 COMPILER V9.57.0.0, COMPILATION OF MODULE BUZZ
OBJECT MODULE PLACED IN .\Objects\buzz.obj
COMPILER INVOKED BY: F:\keil5\keil\C51\BIN\C51.EXE app\buzz.c OPTIMIZE(8,SPEED) BROWSE INCDIR(.\App;.\Public) DEBUG OBJE
                    -CTEXTEND PRINT(.\Listings\buzz.lst) OBJECT(.\Objects\buzz.obj)

line level    source

   1          #include "buzz.h"
   2          
   3          void Buzz_Times(unsigned char times)
   4          {
   5   1              unsigned char i = 0;
   6   1              for (i = 0; i < times; i++) {
   7   2                      buzz = 0;
   8   2                      delay_ms(200);
   9   2                      buzz = 1;
  10   2                      delay_ms(200);
  11   2              }
  12   1      }


MODULE INFORMATION:   STATIC OVERLAYABLE
   CODE SIZE        =     37    ----
   CONSTANT SIZE    =   ----    ----
   XDATA SIZE       =   ----    ----
   PDATA SIZE       =   ----    ----
   DATA SIZE        =   ----       2
   IDATA SIZE       =   ----    ----
   BIT SIZE         =   ----    ----
END OF MODULE INFORMATION.


C51 COMPILATION COMPLETE.  0 WARNING(S),  0 ERROR(S)
