C51 COMPILER V9.57.0.0   KEY                                                               10/20/2023 15:03:23 PAGE 1   


C51 COMPILER V9.57.0.0, COMPILATION OF MODULE KEY
OBJECT MODULE PLACED IN .\Objects\key.obj
COMPILER INVOKED BY: F:\keil5\keil\C51\BIN\C51.EXE app\key.c OPTIMIZE(8,SPEED) BROWSE INCDIR(.\App;.\Public) DEBUG OBJEC
                    -TEXTEND PRINT(.\Listings\key.lst) OBJECT(.\Objects\key.obj)

line level    source

   1          #include "key.h"
   2          
   3          void Key_Init(void)
   4          {
   5   1              //定义按键输入端口
   6   1          KEY_UP = 1;
   7   1              KEY_DOWN = 1;
   8   1              KEY_OK = 1;
   9   1              KEY_CANCEL = 1;
  10   1          
  11   1      }


MODULE INFORMATION:   STATIC OVERLAYABLE
   CODE SIZE        =      9    ----
   CONSTANT SIZE    =   ----    ----
   XDATA SIZE       =   ----    ----
   PDATA SIZE       =   ----    ----
   DATA SIZE        =   ----    ----
   IDATA SIZE       =   ----    ----
   BIT SIZE         =   ----    ----
END OF MODULE INFORMATION.


C51 COMPILATION COMPLETE.  0 WARNING(S),  0 ERROR(S)
