C51 COMPILER V9.57.0.0   UART                                                              10/20/2023 15:03:23 PAGE 1   


C51 COMPILER V9.57.0.0, COMPILATION OF MODULE UART
OBJECT MODULE PLACED IN .\Objects\uart.obj
COMPILER INVOKED BY: F:\keil5\keil\C51\BIN\C51.EXE app\uart.c OPTIMIZE(8,SPEED) BROWSE INCDIR(.\App;.\Public) DEBUG OBJE
                    -CTEXTEND PRINT(.\Listings\uart.lst) OBJECT(.\Objects\uart.obj)

line level    source

   1          #include "uart.h"
   2          
   3          void Uart_Init(void)
   4          {
   5   1              SCON = 0x50; //UART方式1:8位UART;   REN=1:允许接收
   6   1              PCON = 0x00; //SMOD=0:波特率不加倍
   7   1              TMOD = 0x20; //T1方式2,用于UART波特率
   8   1              TH1 = 0xFD;
   9   1              TL1 = 0xFD; //UART波特率设置:FDFD，9600;FFFF,57600
  10   1              TR1 = 1;         //允许T1计数
  11   1              EA = 1;
  12   1      }
  13          
  14          
  15          void Uart_Send_Byte(unsigned char c)//UART Send a byte
  16          {
  17   1              SBUF = c;
  18   1              while (!TI);            //发送完为1
  19   1              TI = 0;
  20   1      }
  21          
  22          unsigned char Uart_Receive_Byte()//UART Receive a byte
  23          {
  24   1              unsigned char dat;
  25   1              while (!RI);     //接收完为1
  26   1              RI = 0;
  27   1              dat = SBUF;
  28   1              return (dat);
  29   1      }


MODULE INFORMATION:   STATIC OVERLAYABLE
   CODE SIZE        =     36    ----
   CONSTANT SIZE    =   ----    ----
   XDATA SIZE       =   ----    ----
   PDATA SIZE       =   ----    ----
   DATA SIZE        =   ----    ----
   IDATA SIZE       =   ----    ----
   BIT SIZE         =   ----    ----
END OF MODULE INFORMATION.


C51 COMPILATION COMPLETE.  0 WARNING(S),  0 ERROR(S)
